<?xml version="1.0" encoding="UTF-8"?>
<testsuite xmlns:xsi="http://www.w3.org/2001/XMLSchema-instance" xsi:noNamespaceSchemaLocation="https://maven.apache.org/surefire/maven-surefire-plugin/xsd/surefire-test-report.xsd" version="3.0.2" name="br.com.wallet.project.service.functional.WalletServiceTest" time="16.18" tests="4" errors="0" skipped="0" failures="0">
  <properties>
[...]
</properties>
  <testcase name="testDepositFundsForUser" classname="br.com.wallet.project.service.functional.WalletServiceTest" time="2.236">
    <system-out><![CDATA[20:43:59.788 [main] INFO org.springframework.test.context.support.AnnotationConfigContextLoaderUtils -- Could not detect default configuration classes for test class [br.com.wallet.project.service.functional.WalletServiceTest]: WalletServiceTest does not declare any static, non-private, non-final, nested classes annotated with @Configuration.
20:43:59.876 [main] INFO org.springframework.boot.test.context.SpringBootTestContextBootstrapper -- Found @SpringBootConfiguration br.com.wallet.project.WalletApplication for test class br.com.wallet.project.service.functional.WalletServiceTest
20:43:59.971 [main] INFO org.testcontainers.images.PullPolicy -- Image pull policy will be performed by: DefaultPullPolicy()
20:43:59.972 [main] INFO org.testcontainers.utility.ImageNameSubstitutor -- Image name substitution will be performed by: DefaultImageNameSubstitutor (composite of 'ConfigurationFileImageNameSubstitutor' and 'PrefixingImageNameSubstitutor')
20:44:00.017 [main] INFO org.testcontainers.DockerClientFactory -- Testcontainers version: 1.20.4
20:44:00.131 [main] INFO org.testcontainers.dockerclient.DockerClientProviderStrategy -- Loaded org.testcontainers.dockerclient.UnixSocketClientProviderStrategy from ~/.testcontainers.properties, will try it first
20:44:00.320 [main] INFO org.testcontainers.dockerclient.DockerClientProviderStrategy -- Found Docker environment with local Unix socket (unix:///var/run/docker.sock)
20:44:00.321 [main] INFO org.testcontainers.DockerClientFactory -- Docker host IP address is localhost
20:44:00.332 [main] INFO org.testcontainers.DockerClientFactory -- Connected to docker: 
  Server Version: 27.5.1
  API Version: 1.47
  Operating System: Ubuntu 22.04.5 LTS
  Total Memory: 15857 MB
20:44:00.332 [main] INFO org.testcontainers.utility.RyukResourceReaper -- Ryuk started - will monitor and terminate Testcontainers containers on JVM exit
20:44:00.332 [main] INFO org.testcontainers.DockerClientFactory -- Checking the system...
20:44:00.332 [main] INFO org.testcontainers.DockerClientFactory -- ✔︎ Docker server version should be at least 1.6.0
20:44:00.348 [main] INFO tc.testcontainers/ryuk:0.11.0 -- Creating container for image: testcontainers/ryuk:0.11.0
20:44:00.351 [main] INFO org.testcontainers.utility.RegistryAuthLocator -- Failure when attempting to lookup auth config. Please ignore if you don't have images in an authenticated registry. Details: (dockerImageName: testcontainers/ryuk:0.11.0, configFile: /home/matheus/.docker/config.json, configEnv: DOCKER_AUTH_CONFIG). Falling back to docker-java default behaviour. Exception message: Status 404: No config supplied. Checked in order: /home/matheus/.docker/config.json (file not found), DOCKER_AUTH_CONFIG (not set)
20:44:00.428 [main] INFO tc.testcontainers/ryuk:0.11.0 -- Container testcontainers/ryuk:0.11.0 is starting: 7966ceca675fa7236d2e2164a36f342ceb73249c1ea563ec0a46a0c45b082efc
20:44:00.661 [main] INFO tc.testcontainers/ryuk:0.11.0 -- Container testcontainers/ryuk:0.11.0 started in PT0.3130081S
20:44:00.666 [main] INFO org.testcontainers.containers.ComposeDelegate -- Preemptively checking local images for 'wurstmeister/zookeeper:latest', referenced via a compose file or transitive Dockerfile. If not available, it will be pulled.
20:44:00.666 [main] INFO org.testcontainers.containers.ComposeDelegate -- Preemptively checking local images for 'postgres:latest', referenced via a compose file or transitive Dockerfile. If not available, it will be pulled.
20:44:00.666 [main] INFO org.testcontainers.containers.ComposeDelegate -- Preemptively checking local images for 'wurstmeister/kafka:latest', referenced via a compose file or transitive Dockerfile. If not available, it will be pulled.
20:44:00.670 [main] INFO tc.docker/compose:1.29.2 -- Copying all files in /home/matheus/Github/wallet/src/main/resources/compose into the container
20:44:00.671 [main] INFO tc.docker/compose:1.29.2 -- Creating container for image: docker/compose:1.29.2
20:44:00.947 [main] INFO tc.docker/compose:1.29.2 -- Container docker/compose:1.29.2 is starting: f27f5831138afbc939f199b4e4f0ac011564c2c498245f3d1e37dabfc734b17b
20:44:02.423 [main] INFO tc.docker/compose:1.29.2 -- Container docker/compose:1.29.2 started in PT1.751582487S
20:44:02.424 [main] INFO tc.docker/compose:1.29.2 -- Docker Compose container is running for command: up -d
20:44:02.426 [docker-java-stream-1222544226] INFO tc.docker/compose:1.29.2 -- STDERR: Creating network "k6ijsbj8jffk_default" with the default driver
20:44:02.426 [docker-java-stream-1222544226] INFO tc.docker/compose:1.29.2 -- STDERR: Creating network "k6ijsbj8jffk_kafka-net" with driver "bridge"
20:44:02.426 [docker-java-stream-1222544226] INFO tc.docker/compose:1.29.2 -- STDERR: Creating k6ijsbj8jffk_postgres_1 ... 
20:44:02.426 [docker-java-stream-1222544226] INFO tc.docker/compose:1.29.2 -- STDERR: Creating k6ijsbj8jffk_kafka_1    ... 
20:44:02.426 [docker-java-stream-1222544226] INFO tc.docker/compose:1.29.2 -- STDERR: Creating k6ijsbj8jffk_zookeeper_1 ... 
20:44:02.426 [docker-java-stream-1222544226] INFO tc.docker/compose:1.29.2 -- STDERR: Creating k6ijsbj8jffk_postgres_1  ... done
20:44:02.426 [docker-java-stream-1222544226] INFO tc.docker/compose:1.29.2 -- STDERR: Creating k6ijsbj8jffk_zookeeper_1 ... done
20:44:02.426 [docker-java-stream-1222544226] INFO tc.docker/compose:1.29.2 -- STDERR: Creating k6ijsbj8jffk_kafka_1     ... done
20:44:02.429 [main] INFO tc.docker/compose:1.29.2 -- Docker Compose has finished running
20:44:02.430 [main] INFO tc.alpine/socat:1.7.4.3-r0 -- Creating container for image: alpine/socat:1.7.4.3-r0
20:44:02.460 [main] WARN tc.alpine/socat:1.7.4.3-r0 -- Container needs to be on more than one custom network to link to other containers - this is not currently supported. Required networks are: [k6ijsbj8jffk_kafka-net, k6ijsbj8jffk_default]
20:44:02.502 [main] INFO tc.alpine/socat:1.7.4.3-r0 -- Container alpine/socat:1.7.4.3-r0 is starting: 3d2d6c2faa29537c94b1a1dc156f4c3a87b80e3ca8668c5160a2603b1b7cadfd
20:44:02.772 [main] INFO tc.alpine/socat:1.7.4.3-r0 -- Container alpine/socat:1.7.4.3-r0 started in PT0.342605383S

  .   ____          _            __ _ _
 /\\ / ___'_ __ _ _(_)_ __  __ _ \ \ \ \
( ( )\___ | '_ | '_| | '_ \/ _` | \ \ \ \
 \\/  ___)| |_)| | | | | || (_| |  ) ) ) )
  '  |____| .__|_| |_|_| |_\__, | / / / /
 =========|_|==============|___/=/_/_/_/

 :: Spring Boot ::                (v3.4.2)

2025-02-21T20:44:04.300-03:00  INFO 193996 --- [wallet] [           main] b.c.w.p.s.functional.WalletServiceTest   : Starting WalletServiceTest using Java 21.0.6 with PID 193996 (started by matheus in /home/matheus/Github/wallet)
2025-02-21T20:44:04.302-03:00  INFO 193996 --- [wallet] [           main] b.c.w.p.s.functional.WalletServiceTest   : No active profile set, falling back to 1 default profile: "default"
2025-02-21T20:44:04.777-03:00  INFO 193996 --- [wallet] [           main] .s.d.r.c.RepositoryConfigurationDelegate : Bootstrapping Spring Data JPA repositories in DEFAULT mode.
2025-02-21T20:44:04.867-03:00  INFO 193996 --- [wallet] [           main] .s.d.r.c.RepositoryConfigurationDelegate : Finished Spring Data repository scanning in 82 ms. Found 3 JPA repository interfaces.
2025-02-21T20:44:05.727-03:00  INFO 193996 --- [wallet] [           main] o.hibernate.jpa.internal.util.LogHelper  : HHH000204: Processing PersistenceUnitInfo [name: default]
2025-02-21T20:44:05.772-03:00  INFO 193996 --- [wallet] [           main] org.hibernate.Version                    : HHH000412: Hibernate ORM core version 6.6.5.Final
2025-02-21T20:44:05.799-03:00  INFO 193996 --- [wallet] [           main] o.h.c.internal.RegionFactoryInitiator    : HHH000026: Second-level cache disabled
2025-02-21T20:44:05.890-03:00  INFO 193996 --- [wallet] [           main] o.s.o.j.p.SpringPersistenceUnitInfo      : No LoadTimeWeaver setup: ignoring JPA class transformer
2025-02-21T20:44:05.911-03:00  INFO 193996 --- [wallet] [           main] com.zaxxer.hikari.HikariDataSource       : HikariPool-1 - Starting...
2025-02-21T20:44:06.029-03:00  INFO 193996 --- [wallet] [           main] com.zaxxer.hikari.pool.HikariPool        : HikariPool-1 - Added connection org.postgresql.jdbc.PgConnection@4c25687b
2025-02-21T20:44:06.030-03:00  INFO 193996 --- [wallet] [           main] com.zaxxer.hikari.HikariDataSource       : HikariPool-1 - Start completed.
2025-02-21T20:44:06.054-03:00  WARN 193996 --- [wallet] [           main] org.hibernate.orm.deprecation            : HHH90000025: PostgreSQLDialect does not need to be specified explicitly using 'hibernate.dialect' (remove the property setting and it will be selected by default)
2025-02-21T20:44:06.068-03:00  INFO 193996 --- [wallet] [           main] org.hibernate.orm.connections.pooling    : HHH10001005: Database info:
	Database JDBC URL [Connecting through datasource 'HikariDataSource (HikariPool-1)']
	Database driver: undefined/unknown
	Database version: 17.3
	Autocommit mode: undefined/unknown
	Isolation level: undefined/unknown
	Minimum pool size: undefined/unknown
	Maximum pool size: undefined/unknown
2025-02-21T20:44:06.470-03:00  INFO 193996 --- [wallet] [           main] o.h.m.i.EntityInstantiatorPojoStandard   : HHH000182: No default (no-argument) constructor for class: br.com.wallet.project.repositoy.model.Transfer (class must be instantiated by Interceptor)
2025-02-21T20:44:06.656-03:00  INFO 193996 --- [wallet] [           main] o.h.e.t.j.p.i.JtaPlatformInitiator       : HHH000489: No JTA platform available (set 'hibernate.transaction.jta.platform' to enable JTA platform integration)
2025-02-21T20:44:06.658-03:00  INFO 193996 --- [wallet] [           main] j.LocalContainerEntityManagerFactoryBean : Initialized JPA EntityManagerFactory for persistence unit 'default'
2025-02-21T20:44:06.948-03:00  INFO 193996 --- [wallet] [           main] o.s.d.j.r.query.QueryEnhancerFactory     : Hibernate is in classpath; If applicable, HQL parser will be used.
2025-02-21T20:44:07.975-03:00  WARN 193996 --- [wallet] [           main] JpaBaseConfiguration$JpaWebConfiguration : spring.jpa.open-in-view is enabled by default. Therefore, database queries may be performed during view rendering. Explicitly configure spring.jpa.open-in-view to disable this warning
2025-02-21T20:44:08.769-03:00  INFO 193996 --- [wallet] [           main] o.s.b.a.e.web.EndpointLinksResolver      : Exposing 15 endpoints beneath base path '/actuator'
2025-02-21T20:44:08.867-03:00  INFO 193996 --- [wallet] [           main] o.a.k.clients.admin.AdminClientConfig    : AdminClientConfig values: 
	auto.include.jmx.reporter = true
	bootstrap.controllers = []
	bootstrap.servers = [localhost:9092]
	client.dns.lookup = use_all_dns_ips
	client.id = wallet-admin-0
	connections.max.idle.ms = 300000
	default.api.timeout.ms = 60000
	enable.metrics.push = true
	metadata.max.age.ms = 300000
	metadata.recovery.strategy = none
	metric.reporters = []
	metrics.num.samples = 2
	metrics.recording.level = INFO
	metrics.sample.window.ms = 30000
	receive.buffer.bytes = 65536
	reconnect.backoff.max.ms = 1000
	reconnect.backoff.ms = 50
	request.timeout.ms = 30000
	retries = 2147483647
	retry.backoff.max.ms = 1000
	retry.backoff.ms = 100
	sasl.client.callback.handler.class = null
	sasl.jaas.config = null
	sasl.kerberos.kinit.cmd = /usr/bin/kinit
	sasl.kerberos.min.time.before.relogin = 60000
	sasl.kerberos.service.name = null
	sasl.kerberos.ticket.renew.jitter = 0.05
	sasl.kerberos.ticket.renew.window.factor = 0.8
	sasl.login.callback.handler.class = null
	sasl.login.class = null
	sasl.login.connect.timeout.ms = null
	sasl.login.read.timeout.ms = null
	sasl.login.refresh.buffer.seconds = 300
	sasl.login.refresh.min.period.seconds = 60
	sasl.login.refresh.window.factor = 0.8
	sasl.login.refresh.window.jitter = 0.05
	sasl.login.retry.backoff.max.ms = 10000
	sasl.login.retry.backoff.ms = 100
	sasl.mechanism = GSSAPI
	sasl.oauthbearer.clock.skew.seconds = 30
	sasl.oauthbearer.expected.audience = null
	sasl.oauthbearer.expected.issuer = null
	sasl.oauthbearer.jwks.endpoint.refresh.ms = 3600000
	sasl.oauthbearer.jwks.endpoint.retry.backoff.max.ms = 10000
	sasl.oauthbearer.jwks.endpoint.retry.backoff.ms = 100
	sasl.oauthbearer.jwks.endpoint.url = null
	sasl.oauthbearer.scope.claim.name = scope
	sasl.oauthbearer.sub.claim.name = sub
	sasl.oauthbearer.token.endpoint.url = null
	security.protocol = PLAINTEXT
	security.providers = null
	send.buffer.bytes = 131072
	socket.connection.setup.timeout.max.ms = 30000
	socket.connection.setup.timeout.ms = 10000
	ssl.cipher.suites = null
	ssl.enabled.protocols = [TLSv1.2, TLSv1.3]
	ssl.endpoint.identification.algorithm = https
	ssl.engine.factory.class = null
	ssl.key.password = null
	ssl.keymanager.algorithm = SunX509
	ssl.keystore.certificate.chain = null
	ssl.keystore.key = null
	ssl.keystore.location = null
	ssl.keystore.password = null
	ssl.keystore.type = JKS
	ssl.protocol = TLSv1.3
	ssl.provider = null
	ssl.secure.random.implementation = null
	ssl.trustmanager.algorithm = PKIX
	ssl.truststore.certificates = null
	ssl.truststore.location = null
	ssl.truststore.password = null
	ssl.truststore.type = JKS

2025-02-21T20:44:08.969-03:00  INFO 193996 --- [wallet] [           main] o.a.kafka.common.utils.AppInfoParser     : Kafka version: 3.8.1
2025-02-21T20:44:08.969-03:00  INFO 193996 --- [wallet] [           main] o.a.kafka.common.utils.AppInfoParser     : Kafka commitId: 70d6ff42debf7e17
2025-02-21T20:44:08.969-03:00  INFO 193996 --- [wallet] [           main] o.a.kafka.common.utils.AppInfoParser     : Kafka startTimeMs: 1740181448968
2025-02-21T20:44:09.202-03:00  WARN 193996 --- [wallet] [ wallet-admin-0] o.a.k.clients.admin.KafkaAdminClient     : [AdminClient clientId=wallet-admin-0] The DescribeTopicPartitions API is not supported, using Metadata API to describe topics.
2025-02-21T20:44:09.379-03:00  INFO 193996 --- [wallet] [ wallet-admin-0] o.a.kafka.common.utils.AppInfoParser     : App info kafka.admin.client for wallet-admin-0 unregistered
2025-02-21T20:44:09.382-03:00  INFO 193996 --- [wallet] [ wallet-admin-0] o.apache.kafka.common.metrics.Metrics    : Metrics scheduler closed
2025-02-21T20:44:09.382-03:00  INFO 193996 --- [wallet] [ wallet-admin-0] o.apache.kafka.common.metrics.Metrics    : Closing reporter org.apache.kafka.common.metrics.JmxReporter
2025-02-21T20:44:09.382-03:00  INFO 193996 --- [wallet] [ wallet-admin-0] o.apache.kafka.common.metrics.Metrics    : Metrics reporters closed
2025-02-21T20:44:09.401-03:00  INFO 193996 --- [wallet] [           main] o.a.k.clients.consumer.ConsumerConfig    : ConsumerConfig values: 
	allow.auto.create.topics = true
	auto.commit.interval.ms = 5000
	auto.include.jmx.reporter = true
	auto.offset.reset = latest
	bootstrap.servers = [localhost:9092]
	check.crcs = true
	client.dns.lookup = use_all_dns_ips
	client.id = consumer-wallet-consumer-group-id-main-dlt-1
	client.rack = 
	connections.max.idle.ms = 540000
	default.api.timeout.ms = 60000
	enable.auto.commit = false
	enable.metrics.push = true
	exclude.internal.topics = true
	fetch.max.bytes = 52428800
	fetch.max.wait.ms = 500
	fetch.min.bytes = 1
	group.id = wallet-consumer-group-id-main-dlt
	group.instance.id = null
	group.protocol = classic
	group.remote.assignor = null
	heartbeat.interval.ms = 3000
	interceptor.classes = []
	internal.leave.group.on.close = true
	internal.throw.on.fetch.stable.offset.unsupported = false
	isolation.level = read_uncommitted
	key.deserializer = class org.apache.kafka.common.serialization.StringDeserializer
	max.partition.fetch.bytes = 1048576
	max.poll.interval.ms = 300000
	max.poll.records = 500
	metadata.max.age.ms = 300000
	metadata.recovery.strategy = none
	metric.reporters = []
	metrics.num.samples = 2
	metrics.recording.level = INFO
	metrics.sample.window.ms = 30000
	partition.assignment.strategy = [class org.apache.kafka.clients.consumer.RangeAssignor, class org.apache.kafka.clients.consumer.CooperativeStickyAssignor]
	receive.buffer.bytes = 65536
	reconnect.backoff.max.ms = 1000
	reconnect.backoff.ms = 50
	request.timeout.ms = 30000
	retry.backoff.max.ms = 1000
	retry.backoff.ms = 100
	sasl.client.callback.handler.class = null
	sasl.jaas.config = null
	sasl.kerberos.kinit.cmd = /usr/bin/kinit
	sasl.kerberos.min.time.before.relogin = 60000
	sasl.kerberos.service.name = null
	sasl.kerberos.ticket.renew.jitter = 0.05
	sasl.kerberos.ticket.renew.window.factor = 0.8
	sasl.login.callback.handler.class = null
	sasl.login.class = null
	sasl.login.connect.timeout.ms = null
	sasl.login.read.timeout.ms = null
	sasl.login.refresh.buffer.seconds = 300
	sasl.login.refresh.min.period.seconds = 60
	sasl.login.refresh.window.factor = 0.8
	sasl.login.refresh.window.jitter = 0.05
	sasl.login.retry.backoff.max.ms = 10000
	sasl.login.retry.backoff.ms = 100
	sasl.mechanism = GSSAPI
	sasl.oauthbearer.clock.skew.seconds = 30
	sasl.oauthbearer.expected.audience = null
	sasl.oauthbearer.expected.issuer = null
	sasl.oauthbearer.jwks.endpoint.refresh.ms = 3600000
	sasl.oauthbearer.jwks.endpoint.retry.backoff.max.ms = 10000
	sasl.oauthbearer.jwks.endpoint.retry.backoff.ms = 100
	sasl.oauthbearer.jwks.endpoint.url = null
	sasl.oauthbearer.scope.claim.name = scope
	sasl.oauthbearer.sub.claim.name = sub
	sasl.oauthbearer.token.endpoint.url = null
	security.protocol = PLAINTEXT
	security.providers = null
	send.buffer.bytes = 131072
	session.timeout.ms = 45000
	socket.connection.setup.timeout.max.ms = 30000
	socket.connection.setup.timeout.ms = 10000
	ssl.cipher.suites = null
	ssl.enabled.protocols = [TLSv1.2, TLSv1.3]
	ssl.endpoint.identification.algorithm = https
	ssl.engine.factory.class = null
	ssl.key.password = null
	ssl.keymanager.algorithm = SunX509
	ssl.keystore.certificate.chain = null
	ssl.keystore.key = null
	ssl.keystore.location = null
	ssl.keystore.password = null
	ssl.keystore.type = JKS
	ssl.protocol = TLSv1.3
	ssl.provider = null
	ssl.secure.random.implementation = null
	ssl.trustmanager.algorithm = PKIX
	ssl.truststore.certificates = null
	ssl.truststore.location = null
	ssl.truststore.password = null
	ssl.truststore.type = JKS
	value.deserializer = class org.springframework.kafka.support.serializer.JsonDeserializer

2025-02-21T20:44:09.440-03:00  INFO 193996 --- [wallet] [           main] o.a.k.c.t.i.KafkaMetricsCollector        : initializing Kafka metrics collector
2025-02-21T20:44:09.474-03:00  INFO 193996 --- [wallet] [           main] o.a.kafka.common.utils.AppInfoParser     : Kafka version: 3.8.1
2025-02-21T20:44:09.474-03:00  INFO 193996 --- [wallet] [           main] o.a.kafka.common.utils.AppInfoParser     : Kafka commitId: 70d6ff42debf7e17
2025-02-21T20:44:09.474-03:00  INFO 193996 --- [wallet] [           main] o.a.kafka.common.utils.AppInfoParser     : Kafka startTimeMs: 1740181449474
2025-02-21T20:44:09.483-03:00  INFO 193996 --- [wallet] [           main] o.a.k.c.c.internals.LegacyKafkaConsumer  : [Consumer clientId=consumer-wallet-consumer-group-id-main-dlt-1, groupId=wallet-consumer-group-id-main-dlt] Subscribed to topic(s): wallet-transactions-dlt
2025-02-21T20:44:09.487-03:00  INFO 193996 --- [wallet] [           main] o.a.k.clients.consumer.ConsumerConfig    : ConsumerConfig values: 
	allow.auto.create.topics = true
	auto.commit.interval.ms = 5000
	auto.include.jmx.reporter = true
	auto.offset.reset = latest
	bootstrap.servers = [localhost:9092]
	check.crcs = true
	client.dns.lookup = use_all_dns_ips
	client.id = consumer-wallet-consumer-group-id-main-retry-1-2
	client.rack = 
	connections.max.idle.ms = 540000
	default.api.timeout.ms = 60000
	enable.auto.commit = false
	enable.metrics.push = true
	exclude.internal.topics = true
	fetch.max.bytes = 52428800
	fetch.max.wait.ms = 500
	fetch.min.bytes = 1
	group.id = wallet-consumer-group-id-main-retry-1
	group.instance.id = null
	group.protocol = classic
	group.remote.assignor = null
	heartbeat.interval.ms = 3000
	interceptor.classes = []
	internal.leave.group.on.close = true
	internal.throw.on.fetch.stable.offset.unsupported = false
	isolation.level = read_uncommitted
	key.deserializer = class org.apache.kafka.common.serialization.StringDeserializer
	max.partition.fetch.bytes = 1048576
	max.poll.interval.ms = 300000
	max.poll.records = 500
	metadata.max.age.ms = 300000
	metadata.recovery.strategy = none
	metric.reporters = []
	metrics.num.samples = 2
	metrics.recording.level = INFO
	metrics.sample.window.ms = 30000
	partition.assignment.strategy = [class org.apache.kafka.clients.consumer.RangeAssignor, class org.apache.kafka.clients.consumer.CooperativeStickyAssignor]
	receive.buffer.bytes = 65536
	reconnect.backoff.max.ms = 1000
	reconnect.backoff.ms = 50
	request.timeout.ms = 30000
	retry.backoff.max.ms = 1000
	retry.backoff.ms = 100
	sasl.client.callback.handler.class = null
	sasl.jaas.config = null
	sasl.kerberos.kinit.cmd = /usr/bin/kinit
	sasl.kerberos.min.time.before.relogin = 60000
	sasl.kerberos.service.name = null
	sasl.kerberos.ticket.renew.jitter = 0.05
	sasl.kerberos.ticket.renew.window.factor = 0.8
	sasl.login.callback.handler.class = null
	sasl.login.class = null
	sasl.login.connect.timeout.ms = null
	sasl.login.read.timeout.ms = null
	sasl.login.refresh.buffer.seconds = 300
	sasl.login.refresh.min.period.seconds = 60
	sasl.login.refresh.window.factor = 0.8
	sasl.login.refresh.window.jitter = 0.05
	sasl.login.retry.backoff.max.ms = 10000
	sasl.login.retry.backoff.ms = 100
	sasl.mechanism = GSSAPI
	sasl.oauthbearer.clock.skew.seconds = 30
	sasl.oauthbearer.expected.audience = null
	sasl.oauthbearer.expected.issuer = null
	sasl.oauthbearer.jwks.endpoint.refresh.ms = 3600000
	sasl.oauthbearer.jwks.endpoint.retry.backoff.max.ms = 10000
	sasl.oauthbearer.jwks.endpoint.retry.backoff.ms = 100
	sasl.oauthbearer.jwks.endpoint.url = null
	sasl.oauthbearer.scope.claim.name = scope
	sasl.oauthbearer.sub.claim.name = sub
	sasl.oauthbearer.token.endpoint.url = null
	security.protocol = PLAINTEXT
	security.providers = null
	send.buffer.bytes = 131072
	session.timeout.ms = 45000
	socket.connection.setup.timeout.max.ms = 30000
	socket.connection.setup.timeout.ms = 10000
	ssl.cipher.suites = null
	ssl.enabled.protocols = [TLSv1.2, TLSv1.3]
	ssl.endpoint.identification.algorithm = https
	ssl.engine.factory.class = null
	ssl.key.password = null
	ssl.keymanager.algorithm = SunX509
	ssl.keystore.certificate.chain = null
	ssl.keystore.key = null
	ssl.keystore.location = null
	ssl.keystore.password = null
	ssl.keystore.type = JKS
	ssl.protocol = TLSv1.3
	ssl.provider = null
	ssl.secure.random.implementation = null
	ssl.trustmanager.algorithm = PKIX
	ssl.truststore.certificates = null
	ssl.truststore.location = null
	ssl.truststore.password = null
	ssl.truststore.type = JKS
	value.deserializer = class org.springframework.kafka.support.serializer.JsonDeserializer

2025-02-21T20:44:09.488-03:00  INFO 193996 --- [wallet] [           main] o.a.k.c.t.i.KafkaMetricsCollector        : initializing Kafka metrics collector
2025-02-21T20:44:09.494-03:00  INFO 193996 --- [wallet] [           main] o.a.kafka.common.utils.AppInfoParser     : Kafka version: 3.8.1
2025-02-21T20:44:09.494-03:00  INFO 193996 --- [wallet] [           main] o.a.kafka.common.utils.AppInfoParser     : Kafka commitId: 70d6ff42debf7e17
2025-02-21T20:44:09.494-03:00  INFO 193996 --- [wallet] [           main] o.a.kafka.common.utils.AppInfoParser     : Kafka startTimeMs: 1740181449494
2025-02-21T20:44:09.499-03:00  INFO 193996 --- [wallet] [           main] o.a.k.c.c.internals.LegacyKafkaConsumer  : [Consumer clientId=consumer-wallet-consumer-group-id-main-retry-1-2, groupId=wallet-consumer-group-id-main-retry-1] Subscribed to topic(s): wallet-transactions-retry-1
2025-02-21T20:44:09.501-03:00  INFO 193996 --- [wallet] [           main] o.a.k.clients.consumer.ConsumerConfig    : ConsumerConfig values: 
	allow.auto.create.topics = true
	auto.commit.interval.ms = 5000
	auto.include.jmx.reporter = true
	auto.offset.reset = latest
	bootstrap.servers = [localhost:9092]
	check.crcs = true
	client.dns.lookup = use_all_dns_ips
	client.id = consumer-wallet-consumer-group-id-main-retry-0-3
	client.rack = 
	connections.max.idle.ms = 540000
	default.api.timeout.ms = 60000
	enable.auto.commit = false
	enable.metrics.push = true
	exclude.internal.topics = true
	fetch.max.bytes = 52428800
	fetch.max.wait.ms = 500
	fetch.min.bytes = 1
	group.id = wallet-consumer-group-id-main-retry-0
	group.instance.id = null
	group.protocol = classic
	group.remote.assignor = null
	heartbeat.interval.ms = 3000
	interceptor.classes = []
	internal.leave.group.on.close = true
	internal.throw.on.fetch.stable.offset.unsupported = false
	isolation.level = read_uncommitted
	key.deserializer = class org.apache.kafka.common.serialization.StringDeserializer
	max.partition.fetch.bytes = 1048576
	max.poll.interval.ms = 300000
	max.poll.records = 500
	metadata.max.age.ms = 300000
	metadata.recovery.strategy = none
	metric.reporters = []
	metrics.num.samples = 2
	metrics.recording.level = INFO
	metrics.sample.window.ms = 30000
	partition.assignment.strategy = [class org.apache.kafka.clients.consumer.RangeAssignor, class org.apache.kafka.clients.consumer.CooperativeStickyAssignor]
	receive.buffer.bytes = 65536
	reconnect.backoff.max.ms = 1000
	reconnect.backoff.ms = 50
	request.timeout.ms = 30000
	retry.backoff.max.ms = 1000
	retry.backoff.ms = 100
	sasl.client.callback.handler.class = null
	sasl.jaas.config = null
	sasl.kerberos.kinit.cmd = /usr/bin/kinit
	sasl.kerberos.min.time.before.relogin = 60000
	sasl.kerberos.service.name = null
	sasl.kerberos.ticket.renew.jitter = 0.05
	sasl.kerberos.ticket.renew.window.factor = 0.8
	sasl.login.callback.handler.class = null
	sasl.login.class = null
	sasl.login.connect.timeout.ms = null
	sasl.login.read.timeout.ms = null
	sasl.login.refresh.buffer.seconds = 300
	sasl.login.refresh.min.period.seconds = 60
	sasl.login.refresh.window.factor = 0.8
	sasl.login.refresh.window.jitter = 0.05
	sasl.login.retry.backoff.max.ms = 10000
	sasl.login.retry.backoff.ms = 100
	sasl.mechanism = GSSAPI
	sasl.oauthbearer.clock.skew.seconds = 30
	sasl.oauthbearer.expected.audience = null
	sasl.oauthbearer.expected.issuer = null
	sasl.oauthbearer.jwks.endpoint.refresh.ms = 3600000
	sasl.oauthbearer.jwks.endpoint.retry.backoff.max.ms = 10000
	sasl.oauthbearer.jwks.endpoint.retry.backoff.ms = 100
	sasl.oauthbearer.jwks.endpoint.url = null
	sasl.oauthbearer.scope.claim.name = scope
	sasl.oauthbearer.sub.claim.name = sub
	sasl.oauthbearer.token.endpoint.url = null
	security.protocol = PLAINTEXT
	security.providers = null
	send.buffer.bytes = 131072
	session.timeout.ms = 45000
	socket.connection.setup.timeout.max.ms = 30000
	socket.connection.setup.timeout.ms = 10000
	ssl.cipher.suites = null
	ssl.enabled.protocols = [TLSv1.2, TLSv1.3]
	ssl.endpoint.identification.algorithm = https
	ssl.engine.factory.class = null
	ssl.key.password = null
	ssl.keymanager.algorithm = SunX509
	ssl.keystore.certificate.chain = null
	ssl.keystore.key = null
	ssl.keystore.location = null
	ssl.keystore.password = null
	ssl.keystore.type = JKS
	ssl.protocol = TLSv1.3
	ssl.provider = null
	ssl.secure.random.implementation = null
	ssl.trustmanager.algorithm = PKIX
	ssl.truststore.certificates = null
	ssl.truststore.location = null
	ssl.truststore.password = null
	ssl.truststore.type = JKS
	value.deserializer = class org.springframework.kafka.support.serializer.JsonDeserializer

2025-02-21T20:44:09.502-03:00  INFO 193996 --- [wallet] [           main] o.a.k.c.t.i.KafkaMetricsCollector        : initializing Kafka metrics collector
2025-02-21T20:44:09.504-03:00  INFO 193996 --- [wallet] [ner#0-dlt-0-C-1] org.apache.kafka.clients.Metadata        : [Consumer clientId=consumer-wallet-consumer-group-id-main-dlt-1, groupId=wallet-consumer-group-id-main-dlt] Cluster ID: 9Ry5rXwjTYS-Yvz7CX4l-g
2025-02-21T20:44:09.506-03:00  INFO 193996 --- [wallet] [0-retry-1-0-C-1] org.apache.kafka.clients.Metadata        : [Consumer clientId=consumer-wallet-consumer-group-id-main-retry-1-2, groupId=wallet-consumer-group-id-main-retry-1] Cluster ID: 9Ry5rXwjTYS-Yvz7CX4l-g
2025-02-21T20:44:09.507-03:00  INFO 193996 --- [wallet] [           main] o.a.kafka.common.utils.AppInfoParser     : Kafka version: 3.8.1
2025-02-21T20:44:09.508-03:00  INFO 193996 --- [wallet] [           main] o.a.kafka.common.utils.AppInfoParser     : Kafka commitId: 70d6ff42debf7e17
2025-02-21T20:44:09.508-03:00  INFO 193996 --- [wallet] [           main] o.a.kafka.common.utils.AppInfoParser     : Kafka startTimeMs: 1740181449507
2025-02-21T20:44:09.512-03:00  INFO 193996 --- [wallet] [           main] o.a.k.c.c.internals.LegacyKafkaConsumer  : [Consumer clientId=consumer-wallet-consumer-group-id-main-retry-0-3, groupId=wallet-consumer-group-id-main-retry-0] Subscribed to topic(s): wallet-transactions-retry-0
2025-02-21T20:44:09.513-03:00  INFO 193996 --- [wallet] [           main] o.a.k.clients.consumer.ConsumerConfig    : ConsumerConfig values: 
	allow.auto.create.topics = true
	auto.commit.interval.ms = 5000
	auto.include.jmx.reporter = true
	auto.offset.reset = latest
	bootstrap.servers = [localhost:9092]
	check.crcs = true
	client.dns.lookup = use_all_dns_ips
	client.id = consumer-wallet-consumer-group-id-main-4
	client.rack = 
	connections.max.idle.ms = 540000
	default.api.timeout.ms = 60000
	enable.auto.commit = false
	enable.metrics.push = true
	exclude.internal.topics = true
	fetch.max.bytes = 52428800
	fetch.max.wait.ms = 500
	fetch.min.bytes = 1
	group.id = wallet-consumer-group-id-main
	group.instance.id = null
	group.protocol = classic
	group.remote.assignor = null
	heartbeat.interval.ms = 3000
	interceptor.classes = []
	internal.leave.group.on.close = true
	internal.throw.on.fetch.stable.offset.unsupported = false
	isolation.level = read_uncommitted
	key.deserializer = class org.apache.kafka.common.serialization.StringDeserializer
	max.partition.fetch.bytes = 1048576
	max.poll.interval.ms = 300000
	max.poll.records = 500
	metadata.max.age.ms = 300000
	metadata.recovery.strategy = none
	metric.reporters = []
	metrics.num.samples = 2
	metrics.recording.level = INFO
	metrics.sample.window.ms = 30000
	partition.assignment.strategy = [class org.apache.kafka.clients.consumer.RangeAssignor, class org.apache.kafka.clients.consumer.CooperativeStickyAssignor]
	receive.buffer.bytes = 65536
	reconnect.backoff.max.ms = 1000
	reconnect.backoff.ms = 50
	request.timeout.ms = 30000
	retry.backoff.max.ms = 1000
	retry.backoff.ms = 100
	sasl.client.callback.handler.class = null
	sasl.jaas.config = null
	sasl.kerberos.kinit.cmd = /usr/bin/kinit
	sasl.kerberos.min.time.before.relogin = 60000
	sasl.kerberos.service.name = null
	sasl.kerberos.ticket.renew.jitter = 0.05
	sasl.kerberos.ticket.renew.window.factor = 0.8
	sasl.login.callback.handler.class = null
	sasl.login.class = null
	sasl.login.connect.timeout.ms = null
	sasl.login.read.timeout.ms = null
	sasl.login.refresh.buffer.seconds = 300
	sasl.login.refresh.min.period.seconds = 60
	sasl.login.refresh.window.factor = 0.8
	sasl.login.refresh.window.jitter = 0.05
	sasl.login.retry.backoff.max.ms = 10000
	sasl.login.retry.backoff.ms = 100
	sasl.mechanism = GSSAPI
	sasl.oauthbearer.clock.skew.seconds = 30
	sasl.oauthbearer.expected.audience = null
	sasl.oauthbearer.expected.issuer = null
	sasl.oauthbearer.jwks.endpoint.refresh.ms = 3600000
	sasl.oauthbearer.jwks.endpoint.retry.backoff.max.ms = 10000
	sasl.oauthbearer.jwks.endpoint.retry.backoff.ms = 100
	sasl.oauthbearer.jwks.endpoint.url = null
	sasl.oauthbearer.scope.claim.name = scope
	sasl.oauthbearer.sub.claim.name = sub
	sasl.oauthbearer.token.endpoint.url = null
	security.protocol = PLAINTEXT
	security.providers = null
	send.buffer.bytes = 131072
	session.timeout.ms = 45000
	socket.connection.setup.timeout.max.ms = 30000
	socket.connection.setup.timeout.ms = 10000
	ssl.cipher.suites = null
	ssl.enabled.protocols = [TLSv1.2, TLSv1.3]
	ssl.endpoint.identification.algorithm = https
	ssl.engine.factory.class = null
	ssl.key.password = null
	ssl.keymanager.algorithm = SunX509
	ssl.keystore.certificate.chain = null
	ssl.keystore.key = null
	ssl.keystore.location = null
	ssl.keystore.password = null
	ssl.keystore.type = JKS
	ssl.protocol = TLSv1.3
	ssl.provider = null
	ssl.secure.random.implementation = null
	ssl.trustmanager.algorithm = PKIX
	ssl.truststore.certificates = null
	ssl.truststore.location = null
	ssl.truststore.password = null
	ssl.truststore.type = JKS
	value.deserializer = class org.springframework.kafka.support.serializer.JsonDeserializer

2025-02-21T20:44:09.514-03:00  INFO 193996 --- [wallet] [           main] o.a.k.c.t.i.KafkaMetricsCollector        : initializing Kafka metrics collector
2025-02-21T20:44:09.519-03:00  INFO 193996 --- [wallet] [           main] o.a.kafka.common.utils.AppInfoParser     : Kafka version: 3.8.1
2025-02-21T20:44:09.520-03:00  INFO 193996 --- [wallet] [           main] o.a.kafka.common.utils.AppInfoParser     : Kafka commitId: 70d6ff42debf7e17
2025-02-21T20:44:09.520-03:00  INFO 193996 --- [wallet] [           main] o.a.kafka.common.utils.AppInfoParser     : Kafka startTimeMs: 1740181449519
2025-02-21T20:44:09.520-03:00  INFO 193996 --- [wallet] [0-retry-0-0-C-1] org.apache.kafka.clients.Metadata        : [Consumer clientId=consumer-wallet-consumer-group-id-main-retry-0-3, groupId=wallet-consumer-group-id-main-retry-0] Cluster ID: 9Ry5rXwjTYS-Yvz7CX4l-g
2025-02-21T20:44:09.523-03:00  INFO 193996 --- [wallet] [           main] o.a.k.c.c.internals.LegacyKafkaConsumer  : [Consumer clientId=consumer-wallet-consumer-group-id-main-4, groupId=wallet-consumer-group-id-main] Subscribed to topic(s): wallet-transactions
2025-02-21T20:44:09.532-03:00  INFO 193996 --- [wallet] [ntainer#0-0-C-1] org.apache.kafka.clients.Metadata        : [Consumer clientId=consumer-wallet-consumer-group-id-main-4, groupId=wallet-consumer-group-id-main] Cluster ID: 9Ry5rXwjTYS-Yvz7CX4l-g
2025-02-21T20:44:09.542-03:00  INFO 193996 --- [wallet] [           main] b.c.w.p.s.functional.WalletServiceTest   : Started WalletServiceTest in 5.533 seconds (process running for 11.201)
Hibernate: select w1_0.id,w1_0.balance,w1_0.user_id,w1_0.version from wallets w1_0 where w1_0.user_id=? for no key update
Hibernate: insert into wallets (balance,user_id,version) values (?,?,?)
2025-02-21T20:44:09.765-03:00  INFO 193996 --- [wallet] [           main] b.c.w.project.service.WalletService      : Transaction operation service for user id: 55e63619-21bc-457b-94fe-7e243afaf416 and transaction id c0b3d6b3-7320-4bae-a135-81450b4f066b started to process
2025-02-21T20:44:09.767-03:00  INFO 193996 --- [wallet] [           main] b.c.w.p.s.strategy.DepositStrategy       : Deposit funds for user id: 55e63619-21bc-457b-94fe-7e243afaf416 and transaction id c0b3d6b3-7320-4bae-a135-81450b4f066b started to process
Hibernate: select w1_0.id,w1_0.balance,w1_0.user_id,w1_0.version from wallets w1_0 where w1_0.user_id=? for no key update
Hibernate: insert into transactions (amount,balance_after_transaction,balance_before_transaction,timestamp,transaction_track_id,type,wallet_id) values (?,?,?,?,?,?,?)
2025-02-21T20:44:09.784-03:00  INFO 193996 --- [wallet] [           main] b.c.w.p.s.strategy.DepositStrategy       : Finished to deposit funds for user id: 55e63619-21bc-457b-94fe-7e243afaf416 and transaction id c0b3d6b3-7320-4bae-a135-81450b4f066b
2025-02-21T20:44:09.784-03:00  INFO 193996 --- [wallet] [           main] b.c.w.project.service.WalletService      : Transaction processed successfully for user id: 55e63619-21bc-457b-94fe-7e243afaf416 and transaction id c0b3d6b3-7320-4bae-a135-81450b4f066b
2025-02-21T20:44:10.253-03:00  INFO 193996 --- [wallet] [ner#0-dlt-0-C-1] o.a.k.c.c.internals.ConsumerCoordinator  : [Consumer clientId=consumer-wallet-consumer-group-id-main-dlt-1, groupId=wallet-consumer-group-id-main-dlt] Discovered group coordinator localhost:9092 (id: 2147482646 rack: null)
2025-02-21T20:44:10.253-03:00  INFO 193996 --- [wallet] [0-retry-0-0-C-1] o.a.k.c.c.internals.ConsumerCoordinator  : [Consumer clientId=consumer-wallet-consumer-group-id-main-retry-0-3, groupId=wallet-consumer-group-id-main-retry-0] Discovered group coordinator localhost:9092 (id: 2147482646 rack: null)
2025-02-21T20:44:10.254-03:00  INFO 193996 --- [wallet] [0-retry-0-0-C-1] o.a.k.c.c.internals.ConsumerCoordinator  : [Consumer clientId=consumer-wallet-consumer-group-id-main-retry-0-3, groupId=wallet-consumer-group-id-main-retry-0] (Re-)joining group
2025-02-21T20:44:10.254-03:00  INFO 193996 --- [wallet] [ner#0-dlt-0-C-1] o.a.k.c.c.internals.ConsumerCoordinator  : [Consumer clientId=consumer-wallet-consumer-group-id-main-dlt-1, groupId=wallet-consumer-group-id-main-dlt] (Re-)joining group
2025-02-21T20:44:10.255-03:00  INFO 193996 --- [wallet] [ntainer#0-0-C-1] o.a.k.c.c.internals.ConsumerCoordinator  : [Consumer clientId=consumer-wallet-consumer-group-id-main-4, groupId=wallet-consumer-group-id-main] Discovered group coordinator localhost:9092 (id: 2147482646 rack: null)
2025-02-21T20:44:10.256-03:00  INFO 193996 --- [wallet] [ntainer#0-0-C-1] o.a.k.c.c.internals.ConsumerCoordinator  : [Consumer clientId=consumer-wallet-consumer-group-id-main-4, groupId=wallet-consumer-group-id-main] (Re-)joining group
2025-02-21T20:44:10.274-03:00  INFO 193996 --- [wallet] [ner#0-dlt-0-C-1] o.a.k.c.c.internals.ConsumerCoordinator  : [Consumer clientId=consumer-wallet-consumer-group-id-main-dlt-1, groupId=wallet-consumer-group-id-main-dlt] Request joining group due to: need to re-join with the given member-id: consumer-wallet-consumer-group-id-main-dlt-1-2a7938d5-721a-4577-90e9-1002ce2ec061
2025-02-21T20:44:10.275-03:00  INFO 193996 --- [wallet] [ntainer#0-0-C-1] o.a.k.c.c.internals.ConsumerCoordinator  : [Consumer clientId=consumer-wallet-consumer-group-id-main-4, groupId=wallet-consumer-group-id-main] Request joining group due to: need to re-join with the given member-id: consumer-wallet-consumer-group-id-main-4-483e86c1-247e-48a4-9105-dae87d84231d
2025-02-21T20:44:10.275-03:00  INFO 193996 --- [wallet] [0-retry-0-0-C-1] o.a.k.c.c.internals.ConsumerCoordinator  : [Consumer clientId=consumer-wallet-consumer-group-id-main-retry-0-3, groupId=wallet-consumer-group-id-main-retry-0] Request joining group due to: need to re-join with the given member-id: consumer-wallet-consumer-group-id-main-retry-0-3-9aba21e5-4ac1-4fb8-9d7c-e4a0c91609f7
2025-02-21T20:44:10.275-03:00  INFO 193996 --- [wallet] [ntainer#0-0-C-1] o.a.k.c.c.internals.ConsumerCoordinator  : [Consumer clientId=consumer-wallet-consumer-group-id-main-4, groupId=wallet-consumer-group-id-main] (Re-)joining group
2025-02-21T20:44:10.275-03:00  INFO 193996 --- [wallet] [ner#0-dlt-0-C-1] o.a.k.c.c.internals.ConsumerCoordinator  : [Consumer clientId=consumer-wallet-consumer-group-id-main-dlt-1, groupId=wallet-consumer-group-id-main-dlt] (Re-)joining group
2025-02-21T20:44:10.275-03:00  INFO 193996 --- [wallet] [0-retry-0-0-C-1] o.a.k.c.c.internals.ConsumerCoordinator  : [Consumer clientId=consumer-wallet-consumer-group-id-main-retry-0-3, groupId=wallet-consumer-group-id-main-retry-0] (Re-)joining group
2025-02-21T20:44:10.289-03:00  INFO 193996 --- [wallet] [ner#0-dlt-0-C-1] o.a.k.c.c.internals.ConsumerCoordinator  : [Consumer clientId=consumer-wallet-consumer-group-id-main-dlt-1, groupId=wallet-consumer-group-id-main-dlt] Successfully joined group with generation Generation{generationId=1, memberId='consumer-wallet-consumer-group-id-main-dlt-1-2a7938d5-721a-4577-90e9-1002ce2ec061', protocol='range'}
2025-02-21T20:44:10.290-03:00  INFO 193996 --- [wallet] [0-retry-0-0-C-1] o.a.k.c.c.internals.ConsumerCoordinator  : [Consumer clientId=consumer-wallet-consumer-group-id-main-retry-0-3, groupId=wallet-consumer-group-id-main-retry-0] Successfully joined group with generation Generation{generationId=1, memberId='consumer-wallet-consumer-group-id-main-retry-0-3-9aba21e5-4ac1-4fb8-9d7c-e4a0c91609f7', protocol='range'}
2025-02-21T20:44:10.291-03:00  INFO 193996 --- [wallet] [ntainer#0-0-C-1] o.a.k.c.c.internals.ConsumerCoordinator  : [Consumer clientId=consumer-wallet-consumer-group-id-main-4, groupId=wallet-consumer-group-id-main] Successfully joined group with generation Generation{generationId=1, memberId='consumer-wallet-consumer-group-id-main-4-483e86c1-247e-48a4-9105-dae87d84231d', protocol='range'}
2025-02-21T20:44:10.295-03:00  INFO 193996 --- [wallet] [ner#0-dlt-0-C-1] o.a.k.c.c.internals.ConsumerCoordinator  : [Consumer clientId=consumer-wallet-consumer-group-id-main-dlt-1, groupId=wallet-consumer-group-id-main-dlt] Finished assignment for group at generation 1: {consumer-wallet-consumer-group-id-main-dlt-1-2a7938d5-721a-4577-90e9-1002ce2ec061=Assignment(partitions=[wallet-transactions-dlt-0])}
2025-02-21T20:44:10.295-03:00  INFO 193996 --- [wallet] [0-retry-0-0-C-1] o.a.k.c.c.internals.ConsumerCoordinator  : [Consumer clientId=consumer-wallet-consumer-group-id-main-retry-0-3, groupId=wallet-consumer-group-id-main-retry-0] Finished assignment for group at generation 1: {consumer-wallet-consumer-group-id-main-retry-0-3-9aba21e5-4ac1-4fb8-9d7c-e4a0c91609f7=Assignment(partitions=[wallet-transactions-retry-0-0])}
2025-02-21T20:44:10.295-03:00  INFO 193996 --- [wallet] [ntainer#0-0-C-1] o.a.k.c.c.internals.ConsumerCoordinator  : [Consumer clientId=consumer-wallet-consumer-group-id-main-4, groupId=wallet-consumer-group-id-main] Finished assignment for group at generation 1: {consumer-wallet-consumer-group-id-main-4-483e86c1-247e-48a4-9105-dae87d84231d=Assignment(partitions=[wallet-transactions-0])}
2025-02-21T20:44:10.297-03:00  INFO 193996 --- [wallet] [0-retry-1-0-C-1] o.a.k.c.c.internals.ConsumerCoordinator  : [Consumer clientId=consumer-wallet-consumer-group-id-main-retry-1-2, groupId=wallet-consumer-group-id-main-retry-1] Discovered group coordinator localhost:9092 (id: 2147482646 rack: null)
2025-02-21T20:44:10.298-03:00  INFO 193996 --- [wallet] [0-retry-1-0-C-1] o.a.k.c.c.internals.ConsumerCoordinator  : [Consumer clientId=consumer-wallet-consumer-group-id-main-retry-1-2, groupId=wallet-consumer-group-id-main-retry-1] (Re-)joining group
2025-02-21T20:44:10.302-03:00  INFO 193996 --- [wallet] [0-retry-1-0-C-1] o.a.k.c.c.internals.ConsumerCoordinator  : [Consumer clientId=consumer-wallet-consumer-group-id-main-retry-1-2, groupId=wallet-consumer-group-id-main-retry-1] Request joining group due to: need to re-join with the given member-id: consumer-wallet-consumer-group-id-main-retry-1-2-9ef771b6-dd03-4e42-854c-546a691cd319
2025-02-21T20:44:10.303-03:00  INFO 193996 --- [wallet] [0-retry-1-0-C-1] o.a.k.c.c.internals.ConsumerCoordinator  : [Consumer clientId=consumer-wallet-consumer-group-id-main-retry-1-2, groupId=wallet-consumer-group-id-main-retry-1] (Re-)joining group
2025-02-21T20:44:10.306-03:00  INFO 193996 --- [wallet] [0-retry-1-0-C-1] o.a.k.c.c.internals.ConsumerCoordinator  : [Consumer clientId=consumer-wallet-consumer-group-id-main-retry-1-2, groupId=wallet-consumer-group-id-main-retry-1] Successfully joined group with generation Generation{generationId=1, memberId='consumer-wallet-consumer-group-id-main-retry-1-2-9ef771b6-dd03-4e42-854c-546a691cd319', protocol='range'}
2025-02-21T20:44:10.307-03:00  INFO 193996 --- [wallet] [0-retry-1-0-C-1] o.a.k.c.c.internals.ConsumerCoordinator  : [Consumer clientId=consumer-wallet-consumer-group-id-main-retry-1-2, groupId=wallet-consumer-group-id-main-retry-1] Finished assignment for group at generation 1: {consumer-wallet-consumer-group-id-main-retry-1-2-9ef771b6-dd03-4e42-854c-546a691cd319=Assignment(partitions=[wallet-transactions-retry-1-0])}
2025-02-21T20:44:10.343-03:00  INFO 193996 --- [wallet] [ntainer#0-0-C-1] o.a.k.c.c.internals.ConsumerCoordinator  : [Consumer clientId=consumer-wallet-consumer-group-id-main-4, groupId=wallet-consumer-group-id-main] Successfully synced group in generation Generation{generationId=1, memberId='consumer-wallet-consumer-group-id-main-4-483e86c1-247e-48a4-9105-dae87d84231d', protocol='range'}
2025-02-21T20:44:10.343-03:00  INFO 193996 --- [wallet] [ner#0-dlt-0-C-1] o.a.k.c.c.internals.ConsumerCoordinator  : [Consumer clientId=consumer-wallet-consumer-group-id-main-dlt-1, groupId=wallet-consumer-group-id-main-dlt] Successfully synced group in generation Generation{generationId=1, memberId='consumer-wallet-consumer-group-id-main-dlt-1-2a7938d5-721a-4577-90e9-1002ce2ec061', protocol='range'}
2025-02-21T20:44:10.343-03:00  INFO 193996 --- [wallet] [0-retry-0-0-C-1] o.a.k.c.c.internals.ConsumerCoordinator  : [Consumer clientId=consumer-wallet-consumer-group-id-main-retry-0-3, groupId=wallet-consumer-group-id-main-retry-0] Successfully synced group in generation Generation{generationId=1, memberId='consumer-wallet-consumer-group-id-main-retry-0-3-9aba21e5-4ac1-4fb8-9d7c-e4a0c91609f7', protocol='range'}
2025-02-21T20:44:10.343-03:00  INFO 193996 --- [wallet] [0-retry-1-0-C-1] o.a.k.c.c.internals.ConsumerCoordinator  : [Consumer clientId=consumer-wallet-consumer-group-id-main-retry-1-2, groupId=wallet-consumer-group-id-main-retry-1] Successfully synced group in generation Generation{generationId=1, memberId='consumer-wallet-consumer-group-id-main-retry-1-2-9ef771b6-dd03-4e42-854c-546a691cd319', protocol='range'}
2025-02-21T20:44:10.343-03:00  INFO 193996 --- [wallet] [ntainer#0-0-C-1] o.a.k.c.c.internals.ConsumerCoordinator  : [Consumer clientId=consumer-wallet-consumer-group-id-main-4, groupId=wallet-consumer-group-id-main] Notifying assignor about the new Assignment(partitions=[wallet-transactions-0])
2025-02-21T20:44:10.343-03:00  INFO 193996 --- [wallet] [ner#0-dlt-0-C-1] o.a.k.c.c.internals.ConsumerCoordinator  : [Consumer clientId=consumer-wallet-consumer-group-id-main-dlt-1, groupId=wallet-consumer-group-id-main-dlt] Notifying assignor about the new Assignment(partitions=[wallet-transactions-dlt-0])
2025-02-21T20:44:10.343-03:00  INFO 193996 --- [wallet] [0-retry-0-0-C-1] o.a.k.c.c.internals.ConsumerCoordinator  : [Consumer clientId=consumer-wallet-consumer-group-id-main-retry-0-3, groupId=wallet-consumer-group-id-main-retry-0] Notifying assignor about the new Assignment(partitions=[wallet-transactions-retry-0-0])
2025-02-21T20:44:10.343-03:00  INFO 193996 --- [wallet] [0-retry-1-0-C-1] o.a.k.c.c.internals.ConsumerCoordinator  : [Consumer clientId=consumer-wallet-consumer-group-id-main-retry-1-2, groupId=wallet-consumer-group-id-main-retry-1] Notifying assignor about the new Assignment(partitions=[wallet-transactions-retry-1-0])
2025-02-21T20:44:10.345-03:00  INFO 193996 --- [wallet] [0-retry-0-0-C-1] k.c.c.i.ConsumerRebalanceListenerInvoker : [Consumer clientId=consumer-wallet-consumer-group-id-main-retry-0-3, groupId=wallet-consumer-group-id-main-retry-0] Adding newly assigned partitions: wallet-transactions-retry-0-0
2025-02-21T20:44:10.345-03:00  INFO 193996 --- [wallet] [ntainer#0-0-C-1] k.c.c.i.ConsumerRebalanceListenerInvoker : [Consumer clientId=consumer-wallet-consumer-group-id-main-4, groupId=wallet-consumer-group-id-main] Adding newly assigned partitions: wallet-transactions-0
2025-02-21T20:44:10.345-03:00  INFO 193996 --- [wallet] [0-retry-1-0-C-1] k.c.c.i.ConsumerRebalanceListenerInvoker : [Consumer clientId=consumer-wallet-consumer-group-id-main-retry-1-2, groupId=wallet-consumer-group-id-main-retry-1] Adding newly assigned partitions: wallet-transactions-retry-1-0
2025-02-21T20:44:10.345-03:00  INFO 193996 --- [wallet] [ner#0-dlt-0-C-1] k.c.c.i.ConsumerRebalanceListenerInvoker : [Consumer clientId=consumer-wallet-consumer-group-id-main-dlt-1, groupId=wallet-consumer-group-id-main-dlt] Adding newly assigned partitions: wallet-transactions-dlt-0
2025-02-21T20:44:10.355-03:00  INFO 193996 --- [wallet] [ntainer#0-0-C-1] o.a.k.c.c.internals.ConsumerCoordinator  : [Consumer clientId=consumer-wallet-consumer-group-id-main-4, groupId=wallet-consumer-group-id-main] Found no committed offset for partition wallet-transactions-0
2025-02-21T20:44:10.355-03:00  INFO 193996 --- [wallet] [0-retry-1-0-C-1] o.a.k.c.c.internals.ConsumerCoordinator  : [Consumer clientId=consumer-wallet-consumer-group-id-main-retry-1-2, groupId=wallet-consumer-group-id-main-retry-1] Found no committed offset for partition wallet-transactions-retry-1-0
2025-02-21T20:44:10.356-03:00  INFO 193996 --- [wallet] [0-retry-0-0-C-1] o.a.k.c.c.internals.ConsumerCoordinator  : [Consumer clientId=consumer-wallet-consumer-group-id-main-retry-0-3, groupId=wallet-consumer-group-id-main-retry-0] Found no committed offset for partition wallet-transactions-retry-0-0
2025-02-21T20:44:10.356-03:00  INFO 193996 --- [wallet] [ner#0-dlt-0-C-1] o.a.k.c.c.internals.ConsumerCoordinator  : [Consumer clientId=consumer-wallet-consumer-group-id-main-dlt-1, groupId=wallet-consumer-group-id-main-dlt] Found no committed offset for partition wallet-transactions-dlt-0
2025-02-21T20:44:10.360-03:00  INFO 193996 --- [wallet] [0-retry-1-0-C-1] o.a.k.c.c.internals.ConsumerCoordinator  : [Consumer clientId=consumer-wallet-consumer-group-id-main-retry-1-2, groupId=wallet-consumer-group-id-main-retry-1] Found no committed offset for partition wallet-transactions-retry-1-0
2025-02-21T20:44:10.360-03:00  INFO 193996 --- [wallet] [ntainer#0-0-C-1] o.a.k.c.c.internals.ConsumerCoordinator  : [Consumer clientId=consumer-wallet-consumer-group-id-main-4, groupId=wallet-consumer-group-id-main] Found no committed offset for partition wallet-transactions-0
2025-02-21T20:44:10.360-03:00  INFO 193996 --- [wallet] [0-retry-0-0-C-1] o.a.k.c.c.internals.ConsumerCoordinator  : [Consumer clientId=consumer-wallet-consumer-group-id-main-retry-0-3, groupId=wallet-consumer-group-id-main-retry-0] Found no committed offset for partition wallet-transactions-retry-0-0
2025-02-21T20:44:10.360-03:00  INFO 193996 --- [wallet] [ner#0-dlt-0-C-1] o.a.k.c.c.internals.ConsumerCoordinator  : [Consumer clientId=consumer-wallet-consumer-group-id-main-dlt-1, groupId=wallet-consumer-group-id-main-dlt] Found no committed offset for partition wallet-transactions-dlt-0
2025-02-21T20:44:10.373-03:00  INFO 193996 --- [wallet] [ner#0-dlt-0-C-1] o.a.k.c.c.internals.SubscriptionState    : [Consumer clientId=consumer-wallet-consumer-group-id-main-dlt-1, groupId=wallet-consumer-group-id-main-dlt] Resetting offset for partition wallet-transactions-dlt-0 to position FetchPosition{offset=0, offsetEpoch=Optional.empty, currentLeader=LeaderAndEpoch{leader=Optional[localhost:9092 (id: 1001 rack: null)], epoch=0}}.
2025-02-21T20:44:10.373-03:00  INFO 193996 --- [wallet] [ntainer#0-0-C-1] o.a.k.c.c.internals.SubscriptionState    : [Consumer clientId=consumer-wallet-consumer-group-id-main-4, groupId=wallet-consumer-group-id-main] Resetting offset for partition wallet-transactions-0 to position FetchPosition{offset=0, offsetEpoch=Optional.empty, currentLeader=LeaderAndEpoch{leader=Optional[localhost:9092 (id: 1001 rack: null)], epoch=0}}.
2025-02-21T20:44:10.373-03:00  INFO 193996 --- [wallet] [0-retry-0-0-C-1] o.a.k.c.c.internals.SubscriptionState    : [Consumer clientId=consumer-wallet-consumer-group-id-main-retry-0-3, groupId=wallet-consumer-group-id-main-retry-0] Resetting offset for partition wallet-transactions-retry-0-0 to position FetchPosition{offset=0, offsetEpoch=Optional.empty, currentLeader=LeaderAndEpoch{leader=Optional[localhost:9092 (id: 1001 rack: null)], epoch=0}}.
2025-02-21T20:44:10.373-03:00  INFO 193996 --- [wallet] [0-retry-1-0-C-1] o.a.k.c.c.internals.SubscriptionState    : [Consumer clientId=consumer-wallet-consumer-group-id-main-retry-1-2, groupId=wallet-consumer-group-id-main-retry-1] Resetting offset for partition wallet-transactions-retry-1-0 to position FetchPosition{offset=0, offsetEpoch=Optional.empty, currentLeader=LeaderAndEpoch{leader=Optional[localhost:9092 (id: 1001 rack: null)], epoch=0}}.
2025-02-21T20:44:10.390-03:00  INFO 193996 --- [wallet] [ntainer#0-0-C-1] o.s.k.l.KafkaMessageListenerContainer    : wallet-consumer-group-id-main: partitions assigned: [wallet-transactions-0]
2025-02-21T20:44:10.390-03:00  INFO 193996 --- [wallet] [0-retry-0-0-C-1] o.s.k.l.KafkaMessageListenerContainer    : wallet-consumer-group-id-main-retry-0: partitions assigned: [wallet-transactions-retry-0-0]
2025-02-21T20:44:10.390-03:00  INFO 193996 --- [wallet] [0-retry-1-0-C-1] o.s.k.l.KafkaMessageListenerContainer    : wallet-consumer-group-id-main-retry-1: partitions assigned: [wallet-transactions-retry-1-0]
2025-02-21T20:44:10.390-03:00  INFO 193996 --- [wallet] [ner#0-dlt-0-C-1] o.s.k.l.KafkaMessageListenerContainer    : wallet-consumer-group-id-main-dlt: partitions assigned: [wallet-transactions-dlt-0]
Hibernate: update wallets set balance=?,user_id=?,version=? where id=? and version=?
Hibernate: select w1_0.id,w1_0.balance,w1_0.user_id,w1_0.version from wallets w1_0 where w1_0.user_id=? for no key update
Hibernate: select t1_0.id,t1_0.amount,t1_0.balance_after_transaction,t1_0.balance_before_transaction,t1_0.timestamp,t1_0.transaction_track_id,t1_0.type,t1_0.wallet_id from transactions t1_0 where t1_0.transaction_track_id=?
]]></system-out>
  </testcase>
  <testcase name="testCreateWallet" classname="br.com.wallet.project.service.functional.WalletServiceTest" time="0.013">
    <system-out><![CDATA[Hibernate: select w1_0.id,w1_0.balance,w1_0.user_id,w1_0.version from wallets w1_0 where w1_0.user_id=? for no key update
Hibernate: insert into wallets (balance,user_id,version) values (?,?,?)
Hibernate: select w1_0.id,w1_0.balance,w1_0.user_id,w1_0.version from wallets w1_0 where w1_0.user_id=? for no key update
]]></system-out>
  </testcase>
  <testcase name="shouldTransferFromWalletToAnother" classname="br.com.wallet.project.service.functional.WalletServiceTest" time="2.041">
    <system-out><![CDATA[Hibernate: select w1_0.id,w1_0.balance,w1_0.user_id,w1_0.version from wallets w1_0 where w1_0.user_id=? for no key update
Hibernate: insert into wallets (balance,user_id,version) values (?,?,?)
Hibernate: select w1_0.id,w1_0.balance,w1_0.user_id,w1_0.version from wallets w1_0 where w1_0.user_id=? for no key update
Hibernate: insert into wallets (balance,user_id,version) values (?,?,?)
2025-02-21T20:44:11.827-03:00  INFO 193996 --- [wallet] [           main] b.c.w.project.service.WalletService      : Transaction operation service for user id: 382752da-3ad6-44a1-8c05-cfd57f8ec339 and transaction id df98241f-f6f7-4fc8-be13-9543174a2072 started to process
2025-02-21T20:44:11.827-03:00  INFO 193996 --- [wallet] [           main] b.c.w.p.s.strategy.DepositStrategy       : Deposit funds for user id: 382752da-3ad6-44a1-8c05-cfd57f8ec339 and transaction id df98241f-f6f7-4fc8-be13-9543174a2072 started to process
Hibernate: select w1_0.id,w1_0.balance,w1_0.user_id,w1_0.version from wallets w1_0 where w1_0.user_id=? for no key update
Hibernate: insert into transactions (amount,balance_after_transaction,balance_before_transaction,timestamp,transaction_track_id,type,wallet_id) values (?,?,?,?,?,?,?)
2025-02-21T20:44:11.831-03:00  INFO 193996 --- [wallet] [           main] b.c.w.p.s.strategy.DepositStrategy       : Finished to deposit funds for user id: 382752da-3ad6-44a1-8c05-cfd57f8ec339 and transaction id df98241f-f6f7-4fc8-be13-9543174a2072
2025-02-21T20:44:11.831-03:00  INFO 193996 --- [wallet] [           main] b.c.w.project.service.WalletService      : Transaction processed successfully for user id: 382752da-3ad6-44a1-8c05-cfd57f8ec339 and transaction id df98241f-f6f7-4fc8-be13-9543174a2072
2025-02-21T20:44:11.832-03:00  INFO 193996 --- [wallet] [           main] b.c.w.project.service.WalletService      : Transaction operation service for user id: null and transaction id e126c5d0-482b-4d37-80e9-176ad287fad8 started to process
2025-02-21T20:44:11.832-03:00  INFO 193996 --- [wallet] [           main] b.c.w.p.s.strategy.TransferStrategy      : Processing transfer for transaction id e126c5d0-482b-4d37-80e9-176ad287fad8. From user id 382752da-3ad6-44a1-8c05-cfd57f8ec339 to user id af79b371-aa60-4964-ac85-67d6f4864428
Hibernate: update wallets set balance=?,user_id=?,version=? where id=? and version=?
Hibernate: select w1_0.id,w1_0.balance,w1_0.user_id,w1_0.version from wallets w1_0 where w1_0.user_id=? for no key update
Hibernate: select w1_0.id,w1_0.balance,w1_0.user_id,w1_0.version from wallets w1_0 where w1_0.user_id=? for no key update
2025-02-21T20:44:11.836-03:00  INFO 193996 --- [wallet] [           main] b.c.w.p.s.strategy.WithdrawStrategy      : Withdraw funds for user id: 382752da-3ad6-44a1-8c05-cfd57f8ec339 and transaction id e126c5d0-482b-4d37-80e9-176ad287fad8 started to process
Hibernate: select w1_0.id,w1_0.balance,w1_0.user_id,w1_0.version from wallets w1_0 where w1_0.user_id=? for no key update
Hibernate: insert into transactions (amount,balance_after_transaction,balance_before_transaction,timestamp,transaction_track_id,type,wallet_id) values (?,?,?,?,?,?,?)
2025-02-21T20:44:11.840-03:00  INFO 193996 --- [wallet] [           main] b.c.w.p.s.strategy.WithdrawStrategy      : Successfully withdraw funds for user id: 382752da-3ad6-44a1-8c05-cfd57f8ec339 and transaction id e126c5d0-482b-4d37-80e9-176ad287fad8
2025-02-21T20:44:11.840-03:00  INFO 193996 --- [wallet] [           main] b.c.w.p.s.strategy.DepositStrategy       : Deposit funds for user id: af79b371-aa60-4964-ac85-67d6f4864428 and transaction id e126c5d0-482b-4d37-80e9-176ad287fad8 started to process
Hibernate: update wallets set balance=?,user_id=?,version=? where id=? and version=?
Hibernate: select w1_0.id,w1_0.balance,w1_0.user_id,w1_0.version from wallets w1_0 where w1_0.user_id=? for no key update
Hibernate: insert into transactions (amount,balance_after_transaction,balance_before_transaction,timestamp,transaction_track_id,type,wallet_id) values (?,?,?,?,?,?,?)
2025-02-21T20:44:11.844-03:00  INFO 193996 --- [wallet] [           main] b.c.w.p.s.strategy.DepositStrategy       : Finished to deposit funds for user id: af79b371-aa60-4964-ac85-67d6f4864428 and transaction id e126c5d0-482b-4d37-80e9-176ad287fad8
Hibernate: insert into transfers (amount,credit_transaction_id,debit_transaction_id,from_wallet_id,timestamp,to_wallet_id) values (?,?,?,?,?,?)
2025-02-21T20:44:11.849-03:00  INFO 193996 --- [wallet] [           main] b.c.w.p.s.strategy.TransferStrategy      : Finished transfer for transaction id e126c5d0-482b-4d37-80e9-176ad287fad8. From user id 382752da-3ad6-44a1-8c05-cfd57f8ec339 to user id af79b371-aa60-4964-ac85-67d6f4864428
2025-02-21T20:44:11.849-03:00  INFO 193996 --- [wallet] [           main] b.c.w.project.service.WalletService      : Transaction processed successfully for user id: null and transaction id e126c5d0-482b-4d37-80e9-176ad287fad8
Hibernate: update wallets set balance=?,user_id=?,version=? where id=? and version=?
Hibernate: select w1_0.id,w1_0.balance,w1_0.user_id,w1_0.version from wallets w1_0 where w1_0.user_id=? for no key update
Hibernate: select w1_0.id,w1_0.balance,w1_0.user_id,w1_0.version from wallets w1_0 where w1_0.user_id=? for no key update
Hibernate: select t1_0.id,t1_0.amount,t1_0.balance_after_transaction,t1_0.balance_before_transaction,t1_0.timestamp,t1_0.transaction_track_id,t1_0.type,t1_0.wallet_id from transactions t1_0 where t1_0.transaction_track_id=?
Hibernate: select t1_0.id,t1_0.amount,t1_0.balance_after_transaction,t1_0.balance_before_transaction,t1_0.timestamp,t1_0.transaction_track_id,t1_0.type,t1_0.wallet_id from transactions t1_0 where t1_0.transaction_track_id=?
]]></system-out>
  </testcase>
  <testcase name="shouldWithdrawFundsAfterDeposit" classname="br.com.wallet.project.service.functional.WalletServiceTest" time="2.021">
    <system-out><![CDATA[Hibernate: select w1_0.id,w1_0.balance,w1_0.user_id,w1_0.version from wallets w1_0 where w1_0.user_id=? for no key update
Hibernate: insert into wallets (balance,user_id,version) values (?,?,?)
2025-02-21T20:44:13.865-03:00  INFO 193996 --- [wallet] [           main] b.c.w.project.service.WalletService      : Transaction operation service for user id: 8999b23a-bfc2-4b9e-86b6-26ba57cd6d94 and transaction id 3f53b628-0df1-4859-b3f4-36168c25dc78 started to process
2025-02-21T20:44:13.866-03:00  INFO 193996 --- [wallet] [           main] b.c.w.p.s.strategy.DepositStrategy       : Deposit funds for user id: 8999b23a-bfc2-4b9e-86b6-26ba57cd6d94 and transaction id 3f53b628-0df1-4859-b3f4-36168c25dc78 started to process
Hibernate: select w1_0.id,w1_0.balance,w1_0.user_id,w1_0.version from wallets w1_0 where w1_0.user_id=? for no key update
Hibernate: insert into transactions (amount,balance_after_transaction,balance_before_transaction,timestamp,transaction_track_id,type,wallet_id) values (?,?,?,?,?,?,?)
2025-02-21T20:44:13.869-03:00  INFO 193996 --- [wallet] [           main] b.c.w.p.s.strategy.DepositStrategy       : Finished to deposit funds for user id: 8999b23a-bfc2-4b9e-86b6-26ba57cd6d94 and transaction id 3f53b628-0df1-4859-b3f4-36168c25dc78
2025-02-21T20:44:13.869-03:00  INFO 193996 --- [wallet] [           main] b.c.w.project.service.WalletService      : Transaction processed successfully for user id: 8999b23a-bfc2-4b9e-86b6-26ba57cd6d94 and transaction id 3f53b628-0df1-4859-b3f4-36168c25dc78
2025-02-21T20:44:13.870-03:00  INFO 193996 --- [wallet] [           main] b.c.w.project.service.WalletService      : Transaction operation service for user id: 8999b23a-bfc2-4b9e-86b6-26ba57cd6d94 and transaction id 8f78e1c2-597a-4af1-a31f-9889b50a7d3d started to process
2025-02-21T20:44:13.870-03:00  INFO 193996 --- [wallet] [           main] b.c.w.p.s.strategy.WithdrawStrategy      : Withdraw funds for user id: 8999b23a-bfc2-4b9e-86b6-26ba57cd6d94 and transaction id 8f78e1c2-597a-4af1-a31f-9889b50a7d3d started to process
Hibernate: update wallets set balance=?,user_id=?,version=? where id=? and version=?
Hibernate: select w1_0.id,w1_0.balance,w1_0.user_id,w1_0.version from wallets w1_0 where w1_0.user_id=? for no key update
Hibernate: insert into transactions (amount,balance_after_transaction,balance_before_transaction,timestamp,transaction_track_id,type,wallet_id) values (?,?,?,?,?,?,?)
2025-02-21T20:44:13.873-03:00  INFO 193996 --- [wallet] [           main] b.c.w.p.s.strategy.WithdrawStrategy      : Successfully withdraw funds for user id: 8999b23a-bfc2-4b9e-86b6-26ba57cd6d94 and transaction id 8f78e1c2-597a-4af1-a31f-9889b50a7d3d
2025-02-21T20:44:13.874-03:00  INFO 193996 --- [wallet] [           main] b.c.w.project.service.WalletService      : Transaction processed successfully for user id: 8999b23a-bfc2-4b9e-86b6-26ba57cd6d94 and transaction id 8f78e1c2-597a-4af1-a31f-9889b50a7d3d
Hibernate: update wallets set balance=?,user_id=?,version=? where id=? and version=?
Hibernate: select w1_0.id,w1_0.balance,w1_0.user_id,w1_0.version from wallets w1_0 where w1_0.user_id=? for no key update
Hibernate: select t1_0.id,t1_0.amount,t1_0.balance_after_transaction,t1_0.balance_before_transaction,t1_0.timestamp,t1_0.transaction_track_id,t1_0.type,t1_0.wallet_id from transactions t1_0 where t1_0.transaction_track_id=?
Hibernate: select t1_0.id,t1_0.amount,t1_0.balance_after_transaction,t1_0.balance_before_transaction,t1_0.timestamp,t1_0.transaction_track_id,t1_0.type,t1_0.wallet_id from transactions t1_0 where t1_0.transaction_track_id=?
]]></system-out>
  </testcase>
</testsuite>